<?xml version="1.0" encoding="UTF-8"?>
<!-- Generated by org.testng.reporters.JUnitReportReporter -->
<testsuite hostname="lenovo-PC" name="crmTestCases.loginTest" tests="2" failures="0" timestamp="2 Nov 2019 05:44:41 GMT" time="49.697" errors="0">
  <testcase name="loginTest" time="30.990" classname="crmTestCases.loginTest"/>
  <testcase name="loginpageTest" time="18.707" classname="crmTestCases.loginTest"/>
</testsuite> <!-- crmTestCases.loginTest -->
